<?xml version="1.0" encoding="utf-8"?><testsuites name="pytest tests"><testsuite name="pytest" errors="0" failures="0" skipped="0" tests="24" time="6.006" timestamp="2026-05-25T15:49:14.732473+00:00" hostname="agent-env-5db8c829-2cfd-4253-a3ec-f94ff9ebb657"><testcase classname="backend.tests.backend_test.TestRootAndLevels" name="test_root" time="0.230" /><testcase classname="backend.tests.backend_test.TestRootAndLevels" name="test_levels" time="0.050" /><testcase classname="backend.tests.backend_test.TestPuzzles" name="test_puzzles_per_level[1]" time="0.047" /><testcase classname="backend.tests.backend_test.TestPuzzles" name="test_puzzles_per_level[2]" time="0.048" /><testcase classname="backend.tests.backend_test.TestPuzzles" name="test_puzzles_per_level[3]" time="0.062" /><testcase classname="backend.tests.backend_test.TestPuzzles" name="test_puzzles_per_level[4]" time="0.046" /><testcase classname="backend.tests.backend_test.TestPuzzles" name="test_puzzles_per_level[5]" time="0.049" /><testcase classname="backend.tests.backend_test.TestPuzzles" name="test_invalid_level" time="0.055" /><testcase classname="backend.tests.backend_test.TestAnswer" name="test_trivia_correct" time="0.048" /><testcase classname="backend.tests.backend_test.TestAnswer" name="test_trivia_incorrect_reveals_answer" time="0.049" /><testcase classname="backend.tests.backend_test.TestAnswer" name="test_difficulty_reward_easy_hard" time="0.099" /><testcase classname="backend.tests.backend_test.TestAnswer" name="test_pattern_correct" time="0.048" /><testcase classname="backend.tests.backend_test.TestAnswer" name="test_pattern_incorrect" time="0.059" /><testcase classname="backend.tests.backend_test.TestAnswer" name="test_unknown_puzzle" time="0.050" /><testcase classname="backend.tests.backend_test.TestHint" name="test_hint" time="0.050" /><testcase classname="backend.tests.backend_test.TestHint" name="test_hint_not_found" time="0.049" /><testcase classname="backend.tests.backend_test.TestPlayer" name="test_auto_create_player" time="0.049" /><testcase classname="backend.tests.backend_test.TestPlayer" name="test_get_player_persistence" time="0.053" /><testcase classname="backend.tests.backend_test.TestProgress" name="test_update_progress" time="0.152" /><testcase classname="backend.tests.backend_test.TestProgress" name="test_progress_stars_dont_decrease" time="0.060" /><testcase classname="backend.tests.backend_test.TestShop" name="test_packs" time="0.048" /><testcase classname="backend.tests.backend_test.TestShop" name="test_purchase_credits_player" time="0.113" /><testcase classname="backend.tests.backend_test.TestShop" name="test_purchase_invalid_pack" time="0.046" /><testcase classname="backend.tests.backend_test.TestAIRiddle" name="test_generate_and_answer" time="4.275" /></testsuite></testsuites>